#! /usr/share/iverilog-0.9.7/bin/vvp
:ivl_version "0.9.7 " "(v0_9_6)";
:vpi_time_precision + 0;
:vpi_module "system";
:vpi_module "v2005_math";
:vpi_module "va_math";
S_0x18ae3a0 .scope module, "testbench1" "testbench1" 2 1;
 .timescale 0 0;
v0x18c1550_0 .net "B", 0 0, L_0x18c1e50; 1 drivers
v0x18c15f0_0 .net "D", 0 0, L_0x18c19c0; 1 drivers
v0x18c16a0_0 .var "X", 0 0;
v0x18c1750_0 .var "Y", 0 0;
v0x18c1830_0 .var "Z", 0 0;
S_0x18ae490 .scope module, "abc" "SubtracaoSimples" 2 3, 3 1, S_0x18ae3a0;
 .timescale 0 0;
L_0x18c18e0 .functor XOR 1, v0x18c16a0_0, v0x18c1750_0, C4<0>, C4<0>;
L_0x18c19c0 .functor XOR 1, L_0x18c18e0, v0x18c1830_0, C4<0>, C4<0>;
L_0x18c1b10 .functor NOT 1, v0x18c16a0_0, C4<0>, C4<0>, C4<0>;
L_0x18c1b70 .functor XOR 1, v0x18c1750_0, v0x18c1830_0, C4<0>, C4<0>;
L_0x18c1bd0 .functor AND 1, L_0x18c1b10, L_0x18c1b70, C4<1>, C4<1>;
L_0x18c1cd0 .functor AND 1, v0x18c1750_0, v0x18c1830_0, C4<1>, C4<1>;
L_0x18c1e50 .functor OR 1, L_0x18c1bd0, L_0x18c1cd0, C4<0>, C4<0>;
v0x18ae580_0 .alias "B", 0 0, v0x18c1550_0;
v0x18c0eb0_0 .alias "D", 0 0, v0x18c15f0_0;
v0x18c0f50_0 .net "X", 0 0, v0x18c16a0_0; 1 drivers
v0x18c0ff0_0 .net "Y", 0 0, v0x18c1750_0; 1 drivers
v0x18c10a0_0 .net "Z", 0 0, v0x18c1830_0; 1 drivers
v0x18c1140_0 .net *"_s0", 0 0, L_0x18c18e0; 1 drivers
v0x18c1220_0 .net *"_s10", 0 0, L_0x18c1cd0; 1 drivers
v0x18c12c0_0 .net *"_s4", 0 0, L_0x18c1b10; 1 drivers
v0x18c13b0_0 .net *"_s6", 0 0, L_0x18c1b70; 1 drivers
v0x18c1450_0 .net *"_s8", 0 0, L_0x18c1bd0; 1 drivers
    .scope S_0x18ae3a0;
T_0 ;
    %vpi_call 2 7 "$dumpfile", "dump.vcd";
    %vpi_call 2 8 "$dumpvars", 2'sb01;
    %set/v v0x18c16a0_0, 1, 1;
    %set/v v0x18c1750_0, 1, 1;
    %set/v v0x18c1830_0, 0, 1;
    %delay 10, 0;
    %vpi_call 2 11 "$display", v0x18c15f0_0;
    %vpi_call 2 12 "$display", v0x18c1550_0;
    %set/v v0x18c16a0_0, 0, 1;
    %set/v v0x18c1750_0, 0, 1;
    %set/v v0x18c1830_0, 0, 1;
    %delay 10, 0;
    %vpi_call 2 14 "$display", v0x18c15f0_0;
    %vpi_call 2 15 "$display", v0x18c1550_0;
    %set/v v0x18c16a0_0, 1, 1;
    %set/v v0x18c1750_0, 0, 1;
    %set/v v0x18c1830_0, 0, 1;
    %delay 10, 0;
    %vpi_call 2 17 "$display", v0x18c15f0_0;
    %vpi_call 2 18 "$display", v0x18c1550_0;
    %set/v v0x18c16a0_0, 0, 1;
    %set/v v0x18c1750_0, 1, 1;
    %set/v v0x18c1830_0, 0, 1;
    %delay 10, 0;
    %vpi_call 2 20 "$display", v0x18c15f0_0;
    %vpi_call 2 21 "$display", v0x18c1550_0;
    %end;
    .thread T_0;
# The file index is used to find the file name in the following table.
:file_names 4;
    "N/A";
    "<interactive>";
    "testbench.sv";
    "design.sv";
